TN:
SF:pkg/mpc_wallet.js
FNF:107
FNH:63
DA:1,8
DA:3,9
DA:4,45
DA:5,41
DA:6,10
DA:9,13
DA:10,9
DA:11,26
DA:12,0
DA:13,0
DA:14,1
DA:18,120
DA:20,70
DA:22,34
DA:24,6
DA:25,86
DA:26,63
DA:27,2
DA:28,30
DA:31,14
DA:32,18
DA:33,81
DA:36,24
DA:38,86
DA:40,73
DA:41,0
DA:42,0
DA:44,0
DA:45,0
DA:46,0
DA:47,0
DA:48,0
DA:49,0
DA:53,26
DA:55,26
DA:56,0
DA:57,0
DA:58,0
DA:59,0
DA:60,0
DA:61,2
DA:63,23
DA:64,33
DA:66,37
DA:68,17
DA:70,34
DA:71,40
DA:72,29
DA:73,27
DA:74,2
DA:76,19
DA:77,0
DA:78,0
DA:79,0
DA:80,0
DA:81,0
DA:82,0
DA:84,0
DA:85,0
DA:86,2
DA:88,27
DA:89,11
DA:92,32
DA:94,0
DA:95,0
DA:96,0
DA:97,0
DA:101,7
DA:102,36
DA:105,9
DA:106,50
DA:107,38
DA:108,13
DA:111,0
DA:112,1
DA:115,80
DA:116,2
DA:117,79
DA:119,30
DA:121,8
DA:122,31
DA:123,23
DA:124,49
DA:125,11
DA:128,8
DA:129,42
DA:130,43
DA:132,8
DA:133,43
DA:134,31
DA:135,69
DA:136,12
DA:143,43
DA:144,99
DA:145,11
DA:146,0
DA:147,3
DA:152,8
DA:153,20
DA:154,20
DA:155,11
DA:156,71
DA:157,24
DA:158,24
DA:159,11
DA:160,0
DA:161,0
DA:162,6
DA:163,25
DA:164,25
DA:165,46
DA:166,7
DA:167,55
DA:174,38
DA:175,97
DA:176,33
DA:177,103
DA:178,18
DA:179,37
DA:180,3
DA:185,8
DA:186,70
DA:187,17
DA:192,8
DA:193,20
DA:194,20
DA:195,11
DA:196,71
DA:197,24
DA:198,24
DA:199,11
DA:200,0
DA:201,0
DA:202,6
DA:203,25
DA:204,25
DA:205,46
DA:206,7
DA:207,55
DA:214,33
DA:215,97
DA:216,33
DA:217,98
DA:218,18
DA:219,37
DA:220,3
DA:225,8
DA:226,66
DA:227,17
DA:232,8
DA:233,20
DA:234,20
DA:235,11
DA:236,68
DA:237,24
DA:238,24
DA:239,11
DA:240,0
DA:241,0
DA:242,6
DA:243,25
DA:244,25
DA:245,46
DA:246,7
DA:247,55
DA:253,0
DA:254,0
DA:255,0
DA:256,0
DA:257,0
DA:258,0
DA:259,0
DA:260,0
DA:261,0
DA:262,0
DA:263,0
DA:264,0
DA:265,0
DA:266,0
DA:267,0
DA:268,1
DA:274,8
DA:275,20
DA:276,20
DA:277,11
DA:278,67
DA:279,24
DA:280,24
DA:281,11
DA:282,0
DA:283,0
DA:284,6
DA:285,25
DA:286,25
DA:287,46
DA:288,7
DA:289,55
DA:295,8
DA:296,20
DA:297,20
DA:298,11
DA:299,70
DA:300,24
DA:301,24
DA:302,11
DA:303,0
DA:304,0
DA:305,6
DA:306,25
DA:307,25
DA:308,46
DA:309,7
DA:310,55
DA:317,41
DA:318,100
DA:319,33
DA:320,107
DA:321,11
DA:322,0
DA:323,3
DA:329,19
DA:330,20
DA:331,20
DA:332,11
DA:333,99
DA:334,35
DA:335,72
DA:336,24
DA:337,24
DA:338,11
DA:339,0
DA:340,0
DA:341,6
DA:342,25
DA:343,25
DA:344,46
DA:345,7
DA:346,55
DA:353,36
DA:354,95
DA:355,33
DA:356,104
DA:357,11
DA:358,0
DA:359,3
DA:365,19
DA:366,20
DA:367,20
DA:368,11
DA:369,99
DA:370,35
DA:371,87
DA:372,24
DA:373,24
DA:374,11
DA:375,0
DA:376,0
DA:377,6
DA:378,25
DA:379,25
DA:380,46
DA:381,7
DA:382,55
DA:385,1
DA:387,82
DA:388,2
DA:389,81
DA:391,32
DA:393,8
DA:394,31
DA:395,23
DA:396,51
DA:397,11
DA:400,8
DA:401,42
DA:402,45
DA:404,8
DA:405,45
DA:406,31
DA:407,71
DA:408,12
DA:415,43
DA:416,101
DA:417,11
DA:418,0
DA:419,3
DA:424,8
DA:425,20
DA:426,20
DA:427,11
DA:428,73
DA:429,24
DA:430,24
DA:431,11
DA:432,0
DA:433,0
DA:434,6
DA:435,25
DA:436,25
DA:437,46
DA:438,7
DA:439,55
DA:446,38
DA:447,97
DA:448,33
DA:449,105
DA:450,18
DA:451,37
DA:452,3
DA:457,8
DA:458,72
DA:459,17
DA:464,8
DA:465,20
DA:466,20
DA:467,11
DA:468,73
DA:469,24
DA:470,24
DA:471,11
DA:472,0
DA:473,0
DA:474,6
DA:475,25
DA:476,25
DA:477,46
DA:478,7
DA:479,55
DA:486,33
DA:487,97
DA:488,33
DA:489,100
DA:490,11
DA:491,0
DA:492,3
DA:497,8
DA:498,68
DA:499,17
DA:504,8
DA:505,20
DA:506,20
DA:507,11
DA:508,70
DA:509,24
DA:510,24
DA:511,11
DA:512,0
DA:513,0
DA:514,6
DA:515,25
DA:516,25
DA:517,46
DA:518,7
DA:519,55
DA:525,0
DA:526,0
DA:527,0
DA:528,0
DA:529,0
DA:530,0
DA:531,0
DA:532,0
DA:533,0
DA:534,0
DA:535,0
DA:536,0
DA:537,0
DA:538,0
DA:539,0
DA:540,1
DA:546,0
DA:547,0
DA:548,0
DA:549,0
DA:550,0
DA:551,0
DA:552,0
DA:553,0
DA:554,0
DA:555,0
DA:556,0
DA:557,0
DA:558,0
DA:559,0
DA:560,0
DA:561,1
DA:567,8
DA:568,20
DA:569,20
DA:570,11
DA:571,73
DA:572,24
DA:573,24
DA:574,11
DA:575,0
DA:576,0
DA:577,6
DA:578,25
DA:579,25
DA:580,46
DA:581,7
DA:582,55
DA:588,0
DA:589,0
DA:590,0
DA:591,0
DA:592,0
DA:593,0
DA:594,0
DA:595,0
DA:596,0
DA:597,0
DA:598,0
DA:599,0
DA:600,0
DA:601,0
DA:602,0
DA:603,1
DA:610,0
DA:611,0
DA:612,0
DA:613,0
DA:614,0
DA:615,0
DA:616,1
DA:622,0
DA:623,0
DA:624,0
DA:625,0
DA:626,0
DA:627,0
DA:628,0
DA:629,0
DA:630,0
DA:631,0
DA:632,0
DA:633,0
DA:634,0
DA:635,0
DA:636,0
DA:637,0
DA:638,0
DA:639,1
DA:646,0
DA:647,0
DA:648,0
DA:649,0
DA:650,0
DA:651,0
DA:652,1
DA:658,0
DA:659,0
DA:660,0
DA:661,0
DA:662,0
DA:663,0
DA:664,0
DA:665,0
DA:666,0
DA:667,0
DA:668,0
DA:669,0
DA:670,0
DA:671,0
DA:672,0
DA:673,0
DA:674,0
DA:675,1
DA:678,1
DA:680,74
DA:681,2
DA:682,72
DA:684,31
DA:686,11
DA:687,20
DA:688,51
DA:689,24
DA:690,60
DA:691,11
DA:694,0
DA:695,0
DA:696,0
DA:697,0
DA:698,1
DA:701,0
DA:702,0
DA:703,1
DA:708,0
DA:709,0
DA:710,0
DA:711,0
DA:712,0
DA:713,0
DA:714,1
DA:719,8
DA:720,20
DA:721,20
DA:722,11
DA:723,57
DA:724,27
DA:725,27
DA:726,50
DA:727,7
DA:728,55
DA:731,1
DA:733,20
DA:734,70
DA:735,59
DA:736,0
DA:737,0
DA:739,0
DA:740,0
DA:741,0
DA:743,0
DA:744,0
DA:747,4
DA:749,45
DA:750,52
DA:752,0
DA:753,0
DA:755,0
DA:756,0
DA:758,0
DA:759,0
DA:764,6
DA:765,21
DA:766,19
DA:767,55
DA:768,28
DA:769,13
DA:771,0
DA:772,0
DA:773,0
DA:774,3
DA:775,0
DA:776,0
DA:777,0
DA:778,3
DA:779,55
DA:780,28
DA:781,13
DA:783,0
DA:784,0
DA:785,0
DA:786,0
DA:787,0
DA:788,0
DA:789,0
DA:790,0
DA:791,3
DA:794,98
DA:795,33
DA:796,13
DA:797,58
DA:798,49
DA:800,0
DA:801,0
DA:802,3
DA:804,0
DA:805,0
DA:806,3
DA:808,52
DA:809,37
DA:810,13
DA:812,0
DA:813,0
DA:814,3
DA:816,0
DA:817,0
DA:818,3
DA:820,62
DA:821,43
DA:822,13
DA:824,0
DA:825,0
DA:826,3
DA:828,0
DA:829,0
DA:830,3
DA:832,0
DA:833,0
DA:834,3
DA:835,0
DA:836,0
DA:837,0
DA:838,3
DA:839,64
DA:840,32
DA:842,0
DA:843,0
DA:844,0
DA:845,0
DA:846,0
DA:847,3
DA:849,0
DA:850,0
DA:851,3
DA:853,0
DA:854,0
DA:855,3
DA:857,65
DA:858,51
DA:859,54
DA:861,0
DA:862,0
DA:863,3
DA:865,69
DA:866,54
DA:867,13
DA:869,0
DA:870,0
DA:871,3
DA:873,45
DA:874,39
DA:875,13
DA:877,53
DA:878,43
DA:879,33
DA:880,28
DA:881,37
DA:882,32
DA:883,32
DA:884,34
DA:887,0
DA:888,0
DA:889,3
DA:891,46
DA:892,21
DA:893,56
DA:894,13
DA:896,0
DA:897,0
DA:898,3
DA:900,49
DA:901,35
DA:902,13
DA:904,39
DA:905,28
DA:906,13
DA:908,0
DA:909,0
DA:910,3
DA:912,0
DA:913,3
DA:916,14
DA:919,19
DA:923,22
DA:924,26
DA:925,45
DA:926,31
DA:927,33
DA:930,26
DA:931,11
DA:934,0
DA:935,0
DA:936,0
DA:937,0
DA:938,0
DA:939,0
DA:940,0
DA:941,0
DA:942,0
DA:943,0
DA:944,0
DA:945,0
DA:946,0
DA:947,0
DA:948,0
DA:949,0
DA:950,0
DA:951,0
DA:952,0
DA:953,0
DA:954,0
DA:955,0
DA:959,19
DA:960,39
DA:963,42
DA:964,0
DA:965,0
DA:966,0
DA:967,0
DA:969,2
DA:971,47
DA:972,66
DA:973,2
DA:974,38
DA:976,176
DA:977,41
DA:978,2
DA:980,29
DA:982,79
DA:984,45
DA:987,20
DA:988,25
LF:989
LH:432
end_of_record
TN:
SF:src/entrypoints/offscreen/webrtc.ts
FNF:93
FNH:64
DA:2,86
DA:3,100
DA:7,72
DA:10,134
DA:11,64
DA:12,124
DA:13,108
DA:14,88
DA:15,80
DA:16,74
DA:34,125
DA:73,15
DA:74,62
DA:75,62
DA:76,58
DA:77,66
DA:78,74
DA:81,81
DA:83,91
DA:85,80
DA:88,47
DA:89,13
DA:90,70
DA:91,19
DA:92,73
DA:94,164
DA:96,64
DA:97,42
DA:98,116
DA:99,16
DA:100,47
DA:101,186
DA:103,27
DA:104,79
DA:107,142
DA:110,34
DA:111,161
DA:112,150
DA:115,34
DA:116,80
DA:117,60
DA:118,138
DA:119,81
DA:122,41
DA:124,70
DA:125,23
DA:126,9
DA:129,42
DA:130,69
DA:131,45
DA:132,9
DA:133,68
DA:134,17
DA:135,9
DA:136,127
DA:137,45
DA:138,5
DA:139,35
DA:142,0
DA:143,0
DA:144,59
DA:147,51
DA:148,64
DA:149,90
DA:151,103
DA:152,178
DA:155,9
DA:158,47
DA:159,58
DA:160,82
DA:163,77
DA:164,66
DA:165,56
DA:166,134
DA:169,0
DA:170,0
DA:171,0
DA:172,0
DA:173,0
DA:174,0
DA:175,0
DA:176,0
DA:177,0
DA:178,0
DA:179,0
DA:180,0
DA:181,0
DA:182,0
DA:183,0
DA:184,0
DA:185,0
DA:186,0
DA:187,0
DA:188,0
DA:189,0
DA:190,0
DA:191,0
DA:192,0
DA:193,0
DA:194,0
DA:195,0
DA:196,0
DA:197,0
DA:198,0
DA:199,0
DA:200,0
DA:201,0
DA:202,0
DA:203,0
DA:204,0
DA:205,0
DA:206,0
DA:207,0
DA:208,0
DA:209,0
DA:210,0
DA:211,0
DA:212,0
DA:213,0
DA:214,0
DA:215,0
DA:216,0
DA:217,0
DA:218,0
DA:219,0
DA:220,0
DA:221,0
DA:222,0
DA:223,0
DA:224,0
DA:225,0
DA:226,0
DA:227,0
DA:228,0
DA:229,0
DA:230,0
DA:231,0
DA:232,0
DA:233,0
DA:234,0
DA:235,0
DA:236,0
DA:237,0
DA:238,0
DA:239,0
DA:240,0
DA:241,0
DA:242,0
DA:243,0
DA:244,0
DA:245,0
DA:246,0
DA:247,0
DA:248,0
DA:249,0
DA:250,0
DA:251,0
DA:252,0
DA:253,0
DA:254,0
DA:255,0
DA:256,0
DA:257,0
DA:258,0
DA:259,0
DA:260,0
DA:261,0
DA:262,0
DA:263,0
DA:264,0
DA:265,0
DA:266,0
DA:267,0
DA:268,0
DA:269,0
DA:270,0
DA:271,0
DA:272,0
DA:273,0
DA:274,0
DA:275,0
DA:276,0
DA:277,0
DA:278,0
DA:279,0
DA:280,0
DA:281,0
DA:282,0
DA:283,0
DA:284,0
DA:285,0
DA:286,0
DA:287,0
DA:288,0
DA:289,0
DA:290,0
DA:291,0
DA:292,0
DA:293,0
DA:294,0
DA:295,0
DA:296,0
DA:297,0
DA:298,0
DA:299,0
DA:300,0
DA:301,0
DA:302,0
DA:303,0
DA:304,0
DA:305,0
DA:306,0
DA:307,0
DA:308,0
DA:309,0
DA:310,0
DA:311,0
DA:312,0
DA:313,0
DA:314,0
DA:315,0
DA:316,0
DA:317,0
DA:318,0
DA:319,0
DA:320,0
DA:321,0
DA:322,0
DA:323,0
DA:324,0
DA:325,0
DA:326,0
DA:327,0
DA:328,0
DA:329,0
DA:330,0
DA:331,0
DA:332,0
DA:333,139
DA:338,0
DA:339,0
DA:340,0
DA:341,0
DA:342,0
DA:343,0
DA:344,0
DA:345,0
DA:346,0
DA:347,0
DA:348,0
DA:349,0
DA:350,0
DA:351,0
DA:352,0
DA:353,0
DA:354,0
DA:355,0
DA:356,0
DA:357,0
DA:358,0
DA:359,0
DA:360,0
DA:361,28
DA:364,70
DA:365,94
DA:366,78
DA:367,39
DA:368,82
DA:369,27
DA:371,227
DA:376,52
DA:377,118
DA:380,90
DA:381,22
DA:382,17
DA:383,37
DA:384,9
DA:387,96
DA:388,22
DA:389,17
DA:390,40
DA:391,9
DA:394,90
DA:397,98
DA:400,106
DA:401,191
DA:402,88
DA:403,42
DA:405,194
DA:407,56
DA:408,31
DA:410,143
DA:414,64
DA:417,136
DA:418,78
DA:419,61
DA:420,31
DA:421,68
DA:422,92
DA:423,72
DA:424,66
DA:425,27
DA:427,9
DA:430,68
DA:431,166
DA:432,98
DA:436,0
DA:437,0
DA:438,0
DA:439,0
DA:440,0
DA:441,0
DA:442,0
DA:443,0
DA:444,0
DA:445,0
DA:446,0
DA:447,0
DA:448,0
DA:449,0
DA:450,0
DA:451,0
DA:452,0
DA:453,0
DA:454,0
DA:455,0
DA:456,0
DA:457,0
DA:458,0
DA:459,0
DA:460,0
DA:461,0
DA:462,0
DA:463,0
DA:464,0
DA:465,0
DA:466,0
DA:467,0
DA:468,0
DA:469,0
DA:470,97
DA:473,42
DA:474,124
DA:476,22
DA:478,96
DA:479,108
DA:480,121
DA:483,30
DA:484,17
DA:485,68
DA:486,93
DA:487,23
DA:488,114
DA:490,9
DA:493,64
DA:494,41
DA:497,112
DA:498,69
DA:501,69
DA:502,81
DA:503,139
DA:506,50
DA:507,100
DA:508,56
DA:509,19
DA:510,11
DA:513,17
DA:514,88
DA:515,61
DA:517,125
DA:519,78
DA:520,100
DA:521,21
DA:522,13
DA:524,27
DA:527,52
DA:528,39
DA:529,64
DA:530,44
DA:531,44
DA:532,77
DA:533,22
DA:535,64
DA:536,75
DA:537,105
DA:538,108
DA:541,127
DA:543,37
DA:544,101
DA:545,21
DA:546,13
DA:548,32
DA:549,83
DA:550,21
DA:551,13
DA:553,35
DA:554,79
DA:555,21
DA:556,13
DA:559,108
DA:560,70
DA:561,56
DA:562,112
DA:565,19
DA:566,69
DA:567,107
DA:568,25
DA:569,133
DA:572,27
DA:573,132
DA:574,85
DA:577,9
DA:580,30
DA:581,17
DA:582,67
DA:583,97
DA:584,105
DA:585,107
DA:586,23
DA:587,106
DA:589,7
DA:590,13
DA:593,190
DA:594,108
DA:597,64
DA:598,41
DA:601,69
DA:602,81
DA:603,68
DA:604,7
DA:605,11
DA:606,21
DA:607,101
DA:608,72
DA:609,31
DA:613,183
DA:615,80
DA:617,120
DA:619,110
DA:620,83
DA:621,17
DA:622,9
DA:624,80
DA:625,98
DA:626,17
DA:627,9
DA:629,22
DA:631,100
DA:634,56
DA:637,103
DA:638,27
DA:639,49
DA:641,79
DA:642,21
DA:643,52
DA:645,93
DA:646,36
DA:647,85
DA:649,176
DA:650,77
DA:651,13
DA:654,164
DA:655,160
DA:656,160
DA:657,176
DA:660,48
DA:661,118
DA:662,118
DA:663,134
DA:664,22
DA:666,52
DA:667,122
DA:668,122
DA:669,138
DA:670,22
DA:672,220
DA:673,228
DA:674,295
DA:675,303
DA:676,230
DA:677,238
DA:678,246
DA:679,254
DA:681,96
DA:682,101
DA:683,157
DA:684,185
DA:685,173
DA:686,65
DA:687,7
DA:689,40
DA:691,46
DA:692,69
DA:693,16
DA:695,44
DA:696,72
DA:700,23
DA:701,23
DA:702,26
DA:703,15
DA:704,8
DA:706,54
DA:707,127
DA:710,47
DA:713,46
DA:716,171
DA:717,140
DA:718,134
DA:720,28
DA:721,15
DA:722,66
DA:723,95
DA:724,21
DA:725,121
DA:727,7
DA:730,31
DA:731,105
DA:732,35
DA:733,108
DA:735,7
DA:736,7
DA:738,24
DA:739,76
DA:740,43
DA:741,94
DA:742,56
DA:743,49
DA:746,46
DA:747,16
DA:748,59
DA:749,62
DA:750,81
DA:751,91
DA:752,99
DA:753,30
DA:754,17
DA:755,62
DA:756,65
DA:757,23
DA:758,96
DA:760,14
DA:763,19
DA:764,42
DA:765,150
DA:766,56
DA:767,88
DA:768,42
DA:773,43
DA:774,124
DA:776,46
DA:777,73
DA:778,11
DA:779,9
DA:781,22
DA:783,108
DA:786,120
DA:787,178
DA:790,48
DA:791,26
DA:793,116
DA:794,44
DA:795,53
DA:796,17
DA:798,178
DA:799,134
DA:800,174
DA:803,94
DA:804,23
DA:805,87
DA:809,61
DA:810,121
DA:811,91
DA:812,62
DA:813,100
DA:814,68
DA:815,28
DA:816,106
DA:817,18
DA:818,16
DA:819,13
DA:823,112
DA:824,208
DA:826,21
DA:827,98
DA:828,52
DA:833,89
DA:834,116
DA:836,59
DA:837,120
DA:838,17
DA:839,9
DA:841,96
DA:842,102
DA:843,11
DA:844,9
DA:847,52
DA:848,56
DA:849,148
DA:850,32
DA:851,116
DA:852,54
DA:853,96
DA:854,54
DA:855,66
DA:856,62
DA:857,12
DA:859,192
DA:862,46
DA:863,80
DA:864,56
DA:865,148
DA:866,62
DA:867,12
DA:869,113
DA:870,83
DA:871,98
DA:872,10
DA:873,12
DA:875,192
DA:878,76
DA:879,184
DA:882,98
DA:885,64
DA:886,47
DA:887,26
DA:888,82
DA:889,19
DA:890,22
DA:891,69
DA:892,49
DA:893,19
DA:894,29
DA:895,34
DA:896,68
DA:897,11
DA:898,19
DA:899,29
DA:900,34
DA:901,68
DA:902,11
DA:903,19
DA:904,27
DA:905,58
DA:906,19
DA:907,30
DA:908,61
DA:909,19
DA:910,28
DA:911,59
DA:912,19
DA:913,30
DA:914,61
DA:915,19
DA:916,27
DA:917,58
DA:918,19
DA:919,32
DA:920,63
DA:921,32
DA:923,104
DA:924,17
DA:926,27
DA:927,205
DA:931,38
DA:932,102
DA:934,52
DA:935,63
DA:936,11
DA:937,9
DA:940,155
DA:941,59
DA:942,12
DA:944,61
DA:945,144
DA:946,17
DA:947,9
DA:950,119
DA:951,86
DA:952,27
DA:953,217
DA:957,40
DA:958,142
DA:960,52
DA:961,58
DA:962,11
DA:963,9
DA:966,210
DA:967,114
DA:968,94
DA:971,46
DA:972,82
DA:973,92
DA:974,110
DA:975,12
DA:977,57
DA:978,117
DA:979,87
DA:980,102
DA:981,14
DA:982,12
DA:983,9
DA:985,170
DA:988,180
DA:990,57
DA:991,164
DA:992,180
DA:993,76
DA:994,14
DA:995,80
DA:996,97
DA:1000,0
DA:1001,0
DA:1002,0
DA:1003,0
DA:1004,0
DA:1005,0
DA:1006,0
DA:1007,0
DA:1008,32
DA:1012,0
DA:1013,0
DA:1014,0
DA:1015,0
DA:1016,0
DA:1017,0
DA:1018,69
DA:1021,57
DA:1022,130
DA:1024,52
DA:1025,82
DA:1026,11
DA:1027,9
DA:1030,84
DA:1031,58
DA:1033,191
DA:1035,108
DA:1036,117
DA:1038,56
DA:1039,27
DA:1041,100
DA:1045,62
DA:1047,214
DA:1050,153
DA:1051,43
DA:1052,12
DA:1054,65
DA:1055,176
DA:1056,64
DA:1057,64
DA:1058,14
DA:1059,27
DA:1060,234
DA:1061,64
DA:1062,88
DA:1063,68
DA:1064,114
DA:1065,23
DA:1069,0
DA:1070,0
DA:1071,0
DA:1072,0
DA:1073,0
DA:1074,0
DA:1075,0
DA:1076,0
DA:1077,0
DA:1078,0
DA:1079,0
DA:1080,0
DA:1081,0
DA:1082,0
DA:1083,0
DA:1084,0
DA:1085,0
DA:1086,0
DA:1087,0
DA:1088,0
DA:1089,0
DA:1090,0
DA:1091,0
DA:1092,0
DA:1093,0
DA:1094,0
DA:1095,0
DA:1096,0
DA:1097,0
DA:1098,0
DA:1099,0
DA:1100,0
DA:1101,0
DA:1102,0
DA:1103,0
DA:1104,0
DA:1105,0
DA:1106,0
DA:1107,0
DA:1108,0
DA:1109,0
DA:1110,0
DA:1111,0
DA:1112,0
DA:1113,0
DA:1114,0
DA:1115,0
DA:1116,0
DA:1117,0
DA:1118,0
DA:1119,0
DA:1120,0
DA:1121,0
DA:1122,0
DA:1123,0
DA:1124,19
DA:1128,85
DA:1129,130
DA:1132,87
DA:1133,182
DA:1135,91
DA:1136,104
DA:1137,194
DA:1138,13
DA:1139,17
DA:1140,9
DA:1142,80
DA:1144,68
DA:1145,81
DA:1151,61
DA:1153,164
DA:1155,32
DA:1156,108
DA:1157,122
DA:1158,147
DA:1159,62
DA:1160,53
DA:1161,43
DA:1162,16
DA:1163,115
DA:1165,11
DA:1166,9
DA:1168,96
DA:1170,68
DA:1171,82
DA:1172,11
DA:1173,9
DA:1176,53
DA:1177,142
DA:1178,17
DA:1179,9
DA:1181,22
DA:1183,178
DA:1184,42
DA:1186,196
DA:1187,216
DA:1188,168
DA:1191,82
DA:1192,33
DA:1193,70
DA:1194,74
DA:1196,76
DA:1197,168
DA:1198,16
DA:1201,58
DA:1202,69
DA:1203,99
DA:1204,139
DA:1207,53
DA:1208,145
DA:1209,13
DA:1211,42
DA:1212,60
DA:1213,13
DA:1215,286
DA:1218,48
DA:1219,90
DA:1220,13
DA:1222,128
DA:1223,128
DA:1224,13
DA:1226,208
DA:1227,280
DA:1230,26
DA:1232,196
DA:1233,182
DA:1234,28
DA:1235,135
DA:1239,26
DA:1240,132
DA:1241,191
DA:1242,54
DA:1243,208
DA:1244,166
DA:1245,166
DA:1246,178
DA:1247,170
DA:1248,194
DA:1249,216
DA:1250,188
DA:1251,206
DA:1254,30
DA:1255,176
DA:1256,33
DA:1257,130
DA:1260,50
DA:1264,100
DA:1265,216
DA:1266,356
DA:1269,61
DA:1270,208
DA:1271,70
DA:1273,30
DA:1274,120
DA:1275,176
DA:1276,21
DA:1277,125
DA:1280,228
DA:1282,97
DA:1283,178
DA:1284,116
DA:1285,102
DA:1288,96
DA:1289,35
DA:1290,243
DA:1292,12
DA:1294,42
DA:1296,26
DA:1297,116
DA:1298,206
DA:1300,30
DA:1301,150
DA:1302,21
DA:1303,91
DA:1306,150
DA:1308,30
DA:1309,160
DA:1310,21
DA:1311,97
DA:1314,30
DA:1315,170
DA:1316,21
DA:1317,97
DA:1320,170
DA:1323,120
DA:1324,134
DA:1325,198
DA:1326,210
DA:1327,138
DA:1329,30
DA:1331,64
DA:1332,63
DA:1336,222
DA:1337,99
DA:1341,85
DA:1342,130
DA:1344,260
DA:1346,68
DA:1347,84
DA:1348,11
DA:1349,9
DA:1352,46
DA:1353,71
DA:1354,11
DA:1355,9
DA:1357,22
DA:1359,178
DA:1360,42
DA:1362,202
DA:1363,222
DA:1364,174
DA:1367,82
DA:1368,33
DA:1369,73
DA:1370,74
DA:1372,76
DA:1373,174
DA:1374,16
DA:1377,58
DA:1378,69
DA:1379,99
DA:1380,142
DA:1383,44
DA:1384,76
DA:1385,13
DA:1387,42
DA:1388,60
DA:1389,13
DA:1392,52
DA:1393,99
DA:1395,134
DA:1396,98
DA:1397,30
DA:1398,31
DA:1399,83
DA:1403,302
DA:1404,26
DA:1405,142
DA:1406,197
DA:1407,54
DA:1408,208
DA:1409,172
DA:1410,140
DA:1411,174
DA:1412,204
DA:1413,50
DA:1417,100
DA:1418,216
DA:1421,110
DA:1422,458
DA:1425,48
DA:1426,152
DA:1427,77
DA:1428,170
DA:1429,64
DA:1430,12
DA:1431,42
DA:1433,222
DA:1434,99
DA:1438,43
DA:1439,124
DA:1441,46
DA:1442,73
DA:1443,11
DA:1444,9
DA:1446,22
DA:1448,132
DA:1449,186
DA:1452,232
DA:1453,142
DA:1454,104
DA:1456,166
DA:1459,61
DA:1460,52
DA:1461,121
DA:1462,131
DA:1463,160
DA:1464,108
DA:1467,74
DA:1468,65
DA:1471,33
DA:1472,52
DA:1473,40
DA:1474,16
DA:1476,57
DA:1477,26
DA:1478,80
DA:1479,43
DA:1480,219
DA:1482,18
DA:1483,20
DA:1485,134
DA:1486,13
DA:1489,110
DA:1490,21
DA:1491,86
DA:1492,57
DA:1496,28
DA:1497,80
DA:1499,46
DA:1500,60
DA:1501,44
DA:1502,11
DA:1503,9
DA:1505,22
DA:1507,211
DA:1508,134
DA:1509,92
DA:1510,19
DA:1511,13
DA:1514,78
DA:1515,74
DA:1516,46
DA:1517,13
DA:1518,13
DA:1521,114
DA:1524,67
DA:1525,96
DA:1527,65
DA:1528,50
DA:1529,35
DA:1531,118
DA:1532,109
DA:1534,13
DA:1536,92
DA:1537,175
DA:1538,42
DA:1539,146
DA:1540,94
DA:1544,30
DA:1545,74
DA:1547,50
DA:1548,66
DA:1549,80
DA:1550,80
DA:1551,62
DA:1552,60
DA:1553,64
DA:1554,74
DA:1555,74
DA:1559,0
DA:1560,0
DA:1561,36
DA:1564,0
DA:1565,0
DA:1566,0
DA:1567,0
DA:1568,0
DA:1569,0
DA:1570,0
DA:1571,0
DA:1572,0
DA:1573,0
DA:1574,0
DA:1575,0
DA:1576,0
DA:1577,0
DA:1578,0
DA:1579,0
DA:1580,0
DA:1581,0
DA:1582,0
DA:1583,0
DA:1584,0
DA:1585,0
DA:1586,0
DA:1587,0
DA:1588,0
DA:1589,0
DA:1590,0
DA:1591,0
DA:1592,0
DA:1593,0
DA:1594,0
DA:1595,0
DA:1596,0
DA:1597,0
DA:1598,0
DA:1599,0
DA:1600,16
DA:1603,0
DA:1604,0
DA:1605,0
DA:1606,0
DA:1607,0
DA:1608,0
DA:1609,0
DA:1610,0
DA:1611,0
DA:1612,0
DA:1613,0
DA:1614,0
DA:1615,0
DA:1616,0
DA:1617,0
DA:1618,0
DA:1619,0
DA:1620,0
DA:1621,0
DA:1622,0
DA:1623,0
DA:1624,0
DA:1625,0
DA:1626,0
DA:1627,13
DA:1631,0
DA:1632,0
DA:1633,0
DA:1634,0
DA:1635,0
DA:1636,0
DA:1637,0
DA:1638,0
DA:1639,0
DA:1640,0
DA:1641,0
DA:1642,0
DA:1643,0
DA:1644,0
DA:1645,0
DA:1646,0
DA:1647,0
DA:1648,0
DA:1649,0
DA:1650,0
DA:1651,36
DA:1656,75
DA:1657,122
DA:1659,161
DA:1660,144
DA:1661,17
DA:1662,9
DA:1665,52
DA:1666,74
DA:1667,98
DA:1668,70
DA:1669,82
DA:1670,54
DA:1671,64
DA:1672,54
DA:1673,66
DA:1674,50
DA:1675,12
DA:1678,48
DA:1679,86
DA:1680,74
DA:1681,36
DA:1682,12
DA:1684,104
DA:1685,166
DA:1688,78
DA:1689,170
DA:1691,160
DA:1692,76
DA:1693,11
DA:1694,9
DA:1697,134
DA:1699,185
DA:1700,124
DA:1701,238
DA:1704,179
DA:1705,176
DA:1706,76
DA:1707,9
DA:1708,9
DA:1711,76
DA:1712,124
DA:1714,160
DA:1715,74
DA:1716,11
DA:1717,9
DA:1719,130
DA:1720,94
DA:1723,180
DA:1725,57
DA:1726,142
DA:1727,180
DA:1728,76
DA:1729,14
DA:1730,80
DA:1731,97
DA:1735,78
DA:1736,128
DA:1738,160
DA:1739,76
DA:1740,11
DA:1741,9
DA:1743,128
DA:1744,192
DA:1747,169
DA:1748,144
DA:1749,160
DA:1750,84
DA:1751,9
DA:1754,75
DA:1755,122
DA:1757,160
DA:1758,73
DA:1759,11
DA:1760,9
DA:1762,128
DA:1763,192
DA:1766,68
DA:1769,80
DA:1770,132
DA:1772,160
DA:1773,78
DA:1774,11
DA:1775,9
DA:1777,114
DA:1778,78
DA:1779,148
DA:1781,174
DA:1784,42
DA:1785,102
DA:1787,70
DA:1790,52
DA:1791,118
DA:1792,66
DA:1793,12
DA:1796,46
DA:1797,86
DA:1798,92
DA:1799,84
DA:1800,28
DA:1801,12
DA:1803,121
DA:1804,83
DA:1805,98
DA:1806,10
DA:1807,12
DA:1810,124
DA:1813,46
DA:1814,112
DA:1816,70
DA:1819,60
DA:1820,108
DA:1821,66
DA:1822,12
DA:1825,46
DA:1826,80
DA:1827,92
DA:1828,84
DA:1829,50
DA:1830,12
DA:1832,121
DA:1833,83
DA:1834,98
DA:1835,10
DA:1836,12
DA:1839,122
DA:1842,47
DA:1843,126
DA:1845,70
DA:1848,126
DA:1851,46
DA:1852,90
DA:1853,92
DA:1854,68
DA:1855,12
DA:1857,113
DA:1858,83
DA:1859,98
DA:1860,10
DA:1861,12
DA:1864,118
DA:1865,78
DA:1866,148
DA:1870,18
DA:1883,10
DA:1884,92
DA:1886,28
DA:1887,54
DA:1888,32
DA:1889,98
DA:1890,114
DA:1891,100
DA:1892,84
DA:1893,171
DA:1894,92
DA:1895,72
DA:1896,140
DA:1897,140
DA:1898,94
DA:1899,9
DA:1905,53
DA:1906,122
DA:1908,74
DA:1909,80
DA:1910,98
DA:1913,52
DA:1914,118
DA:1916,96
DA:1917,22
DA:1918,17
DA:1919,40
DA:1920,9
DA:1921,74
DA:1922,103
DA:1925,74
DA:1926,176
DA:1928,41
DA:1929,140
DA:1930,17
DA:1931,9
DA:1935,171
DA:1936,106
DA:1937,27
DA:1938,184
DA:1943,42
DA:1944,94
DA:1946,52
DA:1947,63
DA:1948,11
DA:1949,9
DA:1952,52
DA:1953,118
DA:1954,66
DA:1955,12
DA:1958,124
DA:1959,0
DA:1960,0
DA:1961,0
DA:1962,0
DA:1963,0
DA:1964,0
DA:1965,0
DA:1966,0
DA:1967,0
DA:1968,0
DA:1969,0
DA:1970,0
DA:1971,0
DA:1972,0
DA:1973,0
DA:1974,0
DA:1975,0
DA:1976,0
DA:1977,0
DA:1978,0
DA:1979,0
DA:1980,0
DA:1981,0
DA:1982,0
DA:1983,0
DA:1984,0
DA:1985,0
DA:1986,0
DA:1987,0
DA:1988,0
DA:1989,0
DA:1990,0
DA:1991,0
DA:1992,0
DA:1993,0
DA:1994,0
DA:1995,0
DA:1996,0
DA:1997,0
DA:1998,0
DA:1999,0
DA:2000,0
DA:2001,0
DA:2002,103
DA:2007,0
DA:2008,0
DA:2009,0
DA:2010,0
DA:2011,0
DA:2012,20
DA:2015,0
DA:2016,0
DA:2017,0
DA:2018,0
DA:2019,8
DA:2022,0
DA:2023,0
DA:2024,0
DA:2025,0
DA:2026,0
DA:2027,20
DA:2031,0
DA:2032,0
DA:2033,0
DA:2034,0
DA:2035,0
DA:2036,0
DA:2037,0
DA:2038,0
DA:2039,30
DA:2043,0
DA:2044,0
DA:2045,0
DA:2046,0
DA:2047,0
DA:2048,0
DA:2049,0
DA:2050,0
DA:2051,0
DA:2052,0
DA:2053,0
DA:2054,0
DA:2055,0
DA:2056,0
DA:2057,0
DA:2058,0
DA:2059,0
DA:2060,0
DA:2061,0
DA:2062,0
DA:2063,0
DA:2064,0
DA:2065,0
DA:2066,0
DA:2067,0
DA:2068,0
DA:2069,0
DA:2070,0
DA:2071,0
DA:2072,0
DA:2073,0
DA:2074,0
DA:2075,0
DA:2076,0
DA:2077,0
DA:2078,0
DA:2079,0
DA:2080,0
DA:2081,18
DA:2083,2
LF:2083
LH:1010
end_of_record
TN:
SF:src/services/accountService.ts
FNF:47
FNH:46
DA:12,1
DA:14,27
DA:16,68
DA:19,27
DA:20,73
DA:21,98
DA:22,9
DA:23,72
DA:26,31
DA:27,59
DA:28,64
DA:29,56
DA:30,15
DA:33,33
DA:34,59
DA:35,66
DA:36,24
DA:40,29
DA:41,85
DA:44,28
DA:45,22
DA:47,123
DA:48,200
DA:49,110
DA:50,136
DA:51,16
DA:53,27
DA:54,56
DA:56,21
DA:57,55
DA:58,38
DA:62,28
DA:63,22
DA:64,123
DA:65,152
DA:66,11
DA:67,21
DA:68,68
DA:72,34
DA:73,22
DA:74,123
DA:75,194
DA:76,12
DA:77,42
DA:78,135
DA:82,40
DA:84,96
DA:85,58
DA:86,9
DA:88,115
DA:89,147
DA:90,9
DA:92,116
DA:93,78
DA:94,9
DA:96,128
DA:97,81
DA:98,9
DA:100,140
DA:101,84
DA:102,9
DA:105,123
DA:106,113
DA:107,9
DA:110,225
DA:111,163
DA:112,9
DA:114,64
DA:115,60
DA:116,90
DA:117,41
DA:120,47
DA:121,158
DA:122,63
DA:123,77
DA:124,9
DA:126,110
DA:127,84
DA:130,131
DA:131,86
DA:132,9
DA:134,60
DA:135,72
DA:136,116
DA:139,43
DA:140,160
DA:141,63
DA:142,77
DA:143,9
DA:145,84
DA:146,60
DA:147,110
DA:148,36
DA:151,27
DA:152,47
DA:155,40
DA:156,123
DA:159,34
DA:160,119
DA:163,59
DA:164,139
DA:167,33
DA:168,79
DA:170,77
DA:171,124
DA:172,0
DA:173,65
DA:174,20
DA:175,53
DA:176,13
DA:177,27
DA:178,9
DA:179,182
DA:182,36
DA:184,73
DA:185,67
DA:186,9
DA:188,22
DA:190,106
DA:191,43
DA:192,54
DA:193,68
DA:194,36
DA:195,58
DA:196,46
DA:197,66
DA:198,54
DA:199,20
DA:200,78
DA:201,35
DA:202,11
DA:203,21
DA:204,71
DA:207,35
DA:210,33
DA:211,22
DA:213,118
DA:214,64
DA:215,18
DA:217,185
DA:218,79
DA:219,13
DA:221,30
DA:222,42
DA:223,124
DA:224,40
DA:228,51
DA:229,138
DA:230,41
DA:231,77
DA:232,9
DA:233,98
DA:234,72
DA:235,82
DA:238,29
DA:239,46
DA:240,86
DA:241,60
DA:242,72
DA:243,71
DA:246,47
DA:247,80
DA:250,59
DA:251,158
DA:254,49
DA:255,129
DA:257,2
DA:259,59
LF:259
LH:167
end_of_record
TN:
SF:src/services/networkService.ts
FNF:53
FNH:48
DA:23,1
DA:28,0
DA:29,37
DA:32,60
DA:33,22
DA:34,32
DA:35,34
DA:36,24
DA:37,8
DA:38,66
DA:39,46
DA:40,48
DA:41,38
DA:42,8
DA:43,68
DA:44,100
DA:45,110
DA:46,46
DA:47,58
DA:50,58
DA:51,78
DA:52,24
DA:53,7
DA:55,27
DA:56,68
DA:59,27
DA:60,73
DA:61,98
DA:62,9
DA:63,72
DA:66,31
DA:67,59
DA:68,64
DA:69,56
DA:70,15
DA:73,33
DA:74,59
DA:75,66
DA:76,24
DA:80,29
DA:81,85
DA:84,28
DA:85,22
DA:87,123
DA:88,114
DA:89,54
DA:90,76
DA:91,64
DA:92,22
DA:93,112
DA:96,139
DA:97,106
DA:98,35
DA:100,58
DA:101,177
DA:102,159
DA:103,37
DA:107,166
DA:110,220
DA:113,157
DA:114,146
DA:115,109
DA:117,164
DA:118,55
DA:119,110
DA:120,21
DA:121,17
DA:122,17
DA:125,93
DA:126,176
DA:127,65
DA:128,140
DA:129,17
DA:130,13
DA:131,16
DA:133,53
DA:134,44
DA:135,83
DA:137,21
DA:138,55
DA:139,59
DA:143,54
DA:144,75
DA:145,32
DA:146,22
DA:147,50
DA:148,52
DA:149,58
DA:150,58
DA:151,92
DA:152,100
DA:153,102
DA:154,24
DA:155,44
DA:156,48
DA:157,102
DA:158,22
DA:159,24
DA:160,58
DA:161,48
DA:162,112
DA:163,102
DA:164,22
DA:165,18
DA:166,20
DA:167,22
DA:168,50
DA:169,58
DA:170,58
DA:171,58
DA:172,92
DA:173,100
DA:174,102
DA:175,24
DA:176,44
DA:177,48
DA:178,102
DA:179,22
DA:180,24
DA:181,58
DA:182,48
DA:183,112
DA:184,102
DA:185,22
DA:186,18
DA:187,14
DA:188,7
DA:189,5
DA:191,21
DA:194,28
DA:195,22
DA:196,123
DA:197,152
DA:198,11
DA:199,21
DA:200,68
DA:204,35
DA:205,22
DA:206,123
DA:207,182
DA:208,11
DA:209,21
DA:210,76
DA:214,37
DA:215,22
DA:216,123
DA:217,192
DA:218,11
DA:219,21
DA:220,78
DA:224,64
DA:226,96
DA:227,58
DA:228,9
DA:230,85
DA:231,147
DA:232,9
DA:234,116
DA:235,78
DA:236,9
DA:238,139
DA:239,113
DA:240,9
DA:242,88
DA:243,66
DA:246,67
DA:247,150
DA:248,41
DA:249,77
DA:250,9
DA:253,150
DA:254,55
DA:255,9
DA:258,121
DA:259,79
DA:260,178
DA:261,61
DA:262,136
DA:263,13
DA:264,9
DA:265,9
DA:267,178
DA:268,66
DA:271,67
DA:272,162
DA:273,49
DA:274,77
DA:275,9
DA:278,163
DA:279,105
DA:280,9
DA:282,94
DA:283,61
DA:286,47
DA:287,38
DA:288,37
DA:289,9
DA:290,47
DA:293,64
DA:294,129
DA:297,53
DA:298,45
DA:299,83
DA:300,9
DA:301,109
DA:304,36
DA:305,70
DA:308,56
DA:309,80
DA:310,78
DA:311,132
DA:314,71
DA:315,150
DA:316,41
DA:317,77
DA:318,9
DA:320,94
DA:321,74
DA:322,132
DA:325,49
DA:327,135
DA:328,125
DA:329,12
DA:330,61
DA:333,47
DA:334,80
DA:337,59
DA:338,158
DA:341,49
DA:342,130
DA:346,31
DA:347,99
DA:348,149
DA:349,9
DA:351,114
DA:352,55
DA:353,115
DA:354,9
DA:357,50
DA:358,56
DA:359,64
DA:360,76
DA:361,116
DA:362,44
DA:363,44
DA:364,36
DA:365,16
DA:366,88
DA:367,60
DA:368,52
DA:369,16
DA:370,98
DA:371,12
DA:373,66
DA:374,46
DA:375,42
DA:376,11
DA:389,0
DA:390,0
DA:391,39
DA:397,0
DA:398,0
DA:399,0
DA:400,0
DA:401,0
DA:402,0
DA:403,0
DA:404,0
DA:405,0
DA:406,0
DA:407,0
DA:408,0
DA:409,0
DA:410,0
DA:411,0
DA:412,0
DA:413,0
DA:414,0
DA:415,48
DA:417,2
DA:419,59
LF:419
LH:260
end_of_record
TN:
SF:src/services/walletClient.ts
FNF:30
FNH:8
DA:1,136
DA:2,76
DA:3,92
DA:4,92
DA:14,1
DA:16,27
DA:17,110
DA:18,110
DA:19,108
DA:20,108
DA:23,154
DA:25,168
DA:28,27
DA:29,83
DA:30,118
DA:31,9
DA:32,77
DA:35,38
DA:36,156
DA:37,66
DA:38,56
DA:39,118
DA:40,11
DA:43,38
DA:44,156
DA:45,66
DA:46,56
DA:47,118
DA:48,11
DA:51,0
DA:52,0
DA:53,0
DA:54,36
DA:57,35
DA:59,108
DA:60,108
DA:61,62
DA:64,31
DA:65,55
DA:68,31
DA:69,0
DA:70,0
DA:71,0
DA:72,0
DA:73,0
DA:74,0
DA:75,0
DA:76,0
DA:77,0
DA:78,0
DA:79,0
DA:80,0
DA:81,0
DA:82,0
DA:83,0
DA:84,0
DA:85,0
DA:86,0
DA:87,0
DA:88,0
DA:89,0
DA:90,0
DA:91,0
DA:92,0
DA:93,0
DA:94,0
DA:95,0
DA:96,0
DA:97,0
DA:98,0
DA:99,0
DA:100,0
DA:101,0
DA:102,0
DA:103,0
DA:104,0
DA:105,0
DA:106,0
DA:107,0
DA:108,0
DA:109,0
DA:110,0
DA:111,0
DA:112,0
DA:113,0
DA:114,0
DA:115,0
DA:116,0
DA:117,0
DA:118,0
DA:119,0
DA:120,0
DA:121,0
DA:122,0
DA:123,0
DA:124,0
DA:125,0
DA:126,0
DA:127,0
DA:128,0
DA:129,0
DA:130,0
DA:131,0
DA:132,0
DA:133,0
DA:134,0
DA:135,0
DA:136,0
DA:137,0
DA:138,0
DA:139,0
DA:140,0
DA:141,0
DA:142,0
DA:143,28
DA:146,0
DA:147,49
DA:150,0
DA:151,47
DA:154,0
DA:155,0
DA:156,0
DA:157,0
DA:158,0
DA:159,0
DA:160,101
DA:163,0
DA:164,0
DA:165,0
DA:166,0
DA:167,8
DA:170,35
DA:171,134
DA:172,121
DA:173,0
DA:174,23
DA:175,0
DA:176,0
DA:177,0
DA:178,0
DA:179,0
DA:180,0
DA:181,0
DA:182,0
DA:183,0
DA:184,0
DA:185,0
DA:186,0
DA:187,0
DA:188,0
DA:189,0
DA:190,0
DA:191,0
DA:192,0
DA:193,0
DA:194,0
DA:195,0
DA:196,0
DA:197,0
DA:198,0
DA:199,0
DA:200,0
DA:201,0
DA:202,0
DA:203,0
DA:204,0
DA:205,0
DA:206,0
DA:207,30
DA:209,2
DA:211,69
LF:211
LH:49
end_of_record
TN:
SF:src/services/walletController.ts
FNF:49
FNH:49
DA:1,92
DA:2,92
DA:3,98
DA:9,1
DA:11,27
DA:12,110
DA:13,110
DA:14,144
DA:17,27
DA:18,77
DA:19,106
DA:20,9
DA:21,85
DA:25,29
DA:26,89
DA:30,27
DA:31,93
DA:34,33
DA:35,105
DA:38,40
DA:40,112
DA:41,129
DA:44,47
DA:46,139
DA:49,51
DA:51,147
DA:55,27
DA:56,93
DA:59,33
DA:60,105
DA:63,40
DA:64,105
DA:67,43
DA:68,111
DA:71,47
DA:72,115
DA:75,51
DA:76,123
DA:79,59
DA:80,137
DA:84,23
DA:86,73
DA:89,26
DA:91,79
DA:94,27
DA:96,37
DA:99,53
DA:100,169
DA:103,39
DA:104,151
DA:107,40
DA:108,159
DA:111,49
DA:112,177
DA:116,28
DA:117,134
DA:118,117
DA:121,35
DA:122,65
DA:125,27
DA:126,113
DA:129,27
DA:130,129
DA:132,2
DA:134,63
LF:135
LH:65
end_of_record
TN:
SF:src/types/dkg.ts
FNF:1
FNH:1
DA:29,55
DA:31,42
DA:34,58
DA:37,66
DA:40,62
DA:43,66
DA:46,62
DA:49,54
DA:52,50
DA:55,47
DA:137,9
LF:138
LH:11
end_of_record
TN:
SF:src/types/mesh.ts
FNF:1
FNH:1
DA:21,73
DA:23,66
DA:26,74
DA:29,57
DA:131,9
LF:132
LH:5
end_of_record
TN:
SF:tests/entrypoints/offscreen/test-utils.ts
FNF:13
FNH:9
DA:1,37
DA:2,90
DA:5,28
DA:7,10
DA:8,26
DA:9,11
DA:10,23
DA:11,68
DA:12,27
DA:13,0
DA:14,2
DA:16,2
DA:17,23
DA:20,11
DA:21,23
DA:24,0
DA:25,1
DA:29,0
DA:30,0
DA:31,0
DA:32,0
DA:33,0
DA:34,0
DA:35,0
DA:36,0
DA:37,0
DA:38,1
DA:42,53
DA:43,78
DA:44,13
DA:45,16
DA:47,0
DA:48,0
DA:49,0
DA:50,11
DA:52,36
DA:53,44
DA:54,36
DA:56,47
DA:57,23
DA:58,0
DA:59,2
DA:61,56
DA:62,56
DA:66,45
DA:67,29
DA:68,32
DA:69,36
DA:70,11
DA:71,13
DA:72,2
DA:75,25
DA:78,0
DA:79,0
DA:80,0
DA:81,0
DA:82,0
DA:84,2
DA:87,26
DA:91,3
DA:92,36
DA:93,0
DA:94,2
DA:96,38
DA:98,16
DA:99,0
DA:100,0
DA:101,0
DA:102,11
DA:103,36
DA:104,36
DA:105,36
DA:109,30
DA:110,30
DA:111,30
DA:113,43
DA:117,23
DA:118,36
DA:119,20
DA:120,13
DA:121,22
DA:122,0
DA:123,4
DA:125,2
DA:126,3
LF:128
LH:60
end_of_record
