TN:
SF:src/config/chains.ts
FNF:12
FNH:12
DA:30,32
DA:31,5
DA:32,10
DA:33,20
DA:34,23
DA:35,27
DA:36,24
DA:37,19
DA:38,38
DA:39,25
DA:40,16
DA:41,23
DA:42,22
DA:43,20
DA:44,15
DA:45,6
DA:46,16
DA:47,18
DA:48,41
DA:49,5
DA:50,6
DA:51,23
DA:52,18
DA:53,24
DA:54,34
DA:55,5
DA:56,3
DA:57,4
DA:58,5
DA:59,16
DA:60,28
DA:61,31
DA:62,27
DA:63,24
DA:64,18
DA:65,17
DA:66,38
DA:67,25
DA:68,16
DA:69,23
DA:70,27
DA:71,21
DA:72,15
DA:73,6
DA:74,16
DA:75,18
DA:76,49
DA:77,5
DA:78,6
DA:79,23
DA:80,18
DA:81,32
DA:82,42
DA:83,5
DA:84,3
DA:85,2
DA:86,2
DA:89,33
DA:91,5
DA:92,10
DA:93,29
DA:94,23
DA:95,27
DA:96,25
DA:97,19
DA:98,39
DA:99,17
DA:100,23
DA:101,20
DA:102,20
DA:103,16
DA:104,6
DA:105,16
DA:106,18
DA:107,40
DA:108,5
DA:109,6
DA:110,23
DA:111,18
DA:112,26
DA:113,33
DA:114,5
DA:115,3
DA:116,4
DA:117,5
DA:118,17
DA:119,20
DA:120,23
DA:121,27
DA:122,25
DA:123,18
DA:124,17
DA:125,39
DA:126,17
DA:127,23
DA:128,28
DA:129,20
DA:130,16
DA:131,6
DA:132,16
DA:133,18
DA:134,45
DA:135,5
DA:136,6
DA:137,23
DA:138,18
DA:139,34
DA:140,41
DA:141,5
DA:142,3
DA:143,4
DA:146,5
DA:147,12
DA:148,20
DA:149,23
DA:150,27
DA:151,20
DA:152,19
DA:153,39
DA:154,17
DA:155,23
DA:156,20
DA:157,22
DA:158,16
DA:159,6
DA:160,16
DA:161,18
DA:162,39
DA:163,5
DA:164,6
DA:165,23
DA:166,18
DA:167,28
DA:168,36
DA:169,5
DA:170,3
DA:171,4
DA:172,5
DA:173,14
DA:174,27
DA:175,30
DA:176,27
DA:177,20
DA:178,18
DA:179,19
DA:180,39
DA:181,17
DA:182,23
DA:183,20
DA:184,22
DA:185,16
DA:186,6
DA:187,16
DA:188,18
DA:189,49
DA:190,5
DA:191,6
DA:192,23
DA:193,18
DA:194,35
DA:195,43
DA:196,5
DA:197,3
DA:198,4
DA:201,5
DA:202,11
DA:203,28
DA:204,19
DA:205,27
DA:206,20
DA:207,19
DA:208,39
DA:209,17
DA:210,23
DA:211,18
DA:212,20
DA:213,16
DA:214,6
DA:215,16
DA:216,18
DA:217,48
DA:218,5
DA:219,6
DA:220,23
DA:221,18
DA:222,24
DA:223,32
DA:224,5
DA:225,3
DA:226,4
DA:227,5
DA:228,11
DA:229,36
DA:230,27
DA:231,27
DA:232,20
DA:233,18
DA:234,18
DA:235,39
DA:236,17
DA:237,23
DA:238,23
DA:239,21
DA:240,16
DA:241,6
DA:242,16
DA:243,18
DA:244,62
DA:245,5
DA:246,6
DA:247,23
DA:248,18
DA:249,32
DA:250,40
DA:251,5
DA:252,3
DA:253,4
DA:256,5
DA:257,14
DA:258,25
DA:259,24
DA:260,27
DA:261,20
DA:262,19
DA:263,39
DA:264,17
DA:265,23
DA:266,20
DA:267,20
DA:268,16
DA:269,6
DA:270,16
DA:271,18
DA:272,44
DA:273,5
DA:274,6
DA:275,23
DA:276,18
DA:277,25
DA:278,32
DA:279,5
DA:280,3
DA:281,4
DA:282,5
DA:283,15
DA:284,29
DA:285,32
DA:286,27
DA:287,20
DA:288,18
DA:289,21
DA:290,39
DA:291,17
DA:292,23
DA:293,20
DA:294,20
DA:295,16
DA:296,6
DA:297,16
DA:298,18
DA:299,54
DA:300,5
DA:301,6
DA:302,23
DA:303,18
DA:304,33
DA:305,40
DA:306,5
DA:307,3
DA:308,4
DA:311,5
DA:312,11
DA:313,21
DA:314,24
DA:315,27
DA:316,20
DA:317,19
DA:318,39
DA:319,17
DA:320,23
DA:321,20
DA:322,20
DA:323,16
DA:324,6
DA:325,16
DA:326,18
DA:327,43
DA:328,5
DA:329,6
DA:330,23
DA:331,18
DA:332,37
DA:333,44
DA:334,5
DA:335,3
DA:336,4
DA:337,5
DA:338,17
DA:339,29
DA:340,32
DA:341,27
DA:342,20
DA:343,18
DA:344,18
DA:345,39
DA:346,17
DA:347,23
DA:348,20
DA:349,20
DA:350,16
DA:351,6
DA:352,16
DA:353,18
DA:354,43
DA:355,5
DA:356,6
DA:357,23
DA:358,18
DA:359,42
DA:360,50
DA:361,5
DA:362,3
DA:363,4
DA:366,5
DA:367,13
DA:368,17
DA:369,20
DA:370,27
DA:371,20
DA:372,19
DA:373,39
DA:374,17
DA:375,23
DA:376,20
DA:377,20
DA:378,16
DA:379,6
DA:380,16
DA:381,18
DA:382,40
DA:383,5
DA:384,6
DA:385,23
DA:386,18
DA:387,25
DA:388,33
DA:389,5
DA:390,3
DA:391,4
DA:392,5
DA:393,14
DA:394,25
DA:395,28
DA:396,27
DA:397,20
DA:398,18
DA:399,20
DA:400,39
DA:401,17
DA:402,23
DA:403,20
DA:404,20
DA:405,16
DA:406,6
DA:407,16
DA:408,18
DA:409,40
DA:410,5
DA:411,6
DA:412,23
DA:413,18
DA:414,38
DA:415,41
DA:416,5
DA:417,3
DA:418,4
DA:421,5
DA:422,14
DA:423,30
DA:424,25
DA:425,27
DA:426,20
DA:427,19
DA:428,39
DA:429,17
DA:430,23
DA:431,19
DA:432,21
DA:433,16
DA:434,6
DA:435,16
DA:436,18
DA:437,53
DA:438,5
DA:439,6
DA:440,23
DA:441,18
DA:442,26
DA:443,33
DA:444,5
DA:445,3
DA:446,4
DA:447,5
DA:448,14
DA:449,27
DA:450,30
DA:451,27
DA:452,20
DA:453,18
DA:454,21
DA:455,39
DA:456,17
DA:457,23
DA:458,19
DA:459,21
DA:460,16
DA:461,6
DA:462,16
DA:463,18
DA:464,58
DA:465,5
DA:466,6
DA:467,23
DA:468,18
DA:469,34
DA:470,41
DA:471,5
DA:472,3
DA:473,2
DA:474,2
DA:477,31
DA:478,5
DA:479,12
DA:480,27
DA:481,30
DA:482,25
DA:483,23
DA:484,19
DA:485,39
DA:486,16
DA:487,23
DA:488,18
DA:489,20
DA:490,15
DA:491,6
DA:492,16
DA:493,18
DA:494,51
DA:495,5
DA:496,6
DA:497,23
DA:498,18
DA:499,24
DA:500,31
DA:501,5
DA:502,3
DA:503,4
DA:504,5
DA:505,12
DA:506,26
DA:507,29
DA:508,25
DA:509,23
DA:510,18
DA:511,19
DA:512,39
DA:513,16
DA:514,23
DA:515,18
DA:516,20
DA:517,15
DA:518,6
DA:519,16
DA:520,18
DA:521,45
DA:522,5
DA:523,6
DA:524,23
DA:525,18
DA:526,31
DA:527,46
DA:528,5
DA:529,3
DA:530,4
DA:531,5
DA:532,12
DA:533,27
DA:534,30
DA:535,25
DA:536,23
DA:537,18
DA:538,19
DA:539,39
DA:540,16
DA:541,23
DA:542,18
DA:543,20
DA:544,15
DA:545,6
DA:546,16
DA:547,18
DA:548,46
DA:549,5
DA:550,6
DA:551,23
DA:552,18
DA:553,32
DA:554,47
DA:555,5
DA:556,3
DA:557,2
DA:558,2
DA:561,30
DA:562,5
DA:563,12
DA:564,26
DA:565,29
DA:566,25
DA:567,22
DA:568,19
DA:569,42
DA:570,16
DA:571,23
DA:572,18
DA:573,20
DA:574,15
DA:575,6
DA:576,16
DA:577,18
DA:578,57
DA:579,5
DA:580,6
DA:581,23
DA:582,18
DA:583,31
DA:584,43
DA:585,5
DA:586,3
DA:587,4
DA:588,5
DA:589,12
DA:590,26
DA:591,29
DA:592,25
DA:593,22
DA:594,18
DA:595,19
DA:596,42
DA:597,16
DA:598,23
DA:599,18
DA:600,20
DA:601,15
DA:602,6
DA:603,16
DA:604,18
DA:605,57
DA:606,5
DA:607,6
DA:608,23
DA:609,18
DA:610,39
DA:611,59
DA:612,5
DA:613,3
DA:614,2
DA:615,2
DA:618,28
DA:619,5
DA:620,12
DA:621,24
DA:622,27
DA:623,25
DA:624,20
DA:625,19
DA:626,42
DA:627,24
DA:628,16
DA:629,23
DA:630,18
DA:631,20
DA:632,15
DA:633,6
DA:634,16
DA:635,18
DA:636,47
DA:637,5
DA:638,6
DA:639,23
DA:640,18
DA:641,29
DA:642,36
DA:643,5
DA:644,3
DA:645,4
DA:646,5
DA:647,12
DA:648,24
DA:649,27
DA:650,25
DA:651,20
DA:652,18
DA:653,19
DA:654,42
DA:655,24
DA:656,16
DA:657,23
DA:658,18
DA:659,20
DA:660,15
DA:661,6
DA:662,16
DA:663,18
DA:664,47
DA:665,5
DA:666,6
DA:667,23
DA:668,18
DA:669,37
DA:670,52
DA:671,5
DA:672,3
DA:673,2
DA:674,2
DA:677,37
DA:678,53
DA:679,60
DA:680,2
DA:683,36
DA:684,26
DA:685,67
DA:686,57
DA:687,24
DA:688,22
DA:689,16
DA:690,2
DA:693,28
DA:694,20
DA:695,21
DA:696,19
DA:697,18
DA:698,14
DA:699,2
DA:702,18
DA:703,54
DA:706,20
DA:707,44
DA:710,19
DA:711,42
DA:714,11
DA:715,50
DA:718,11
DA:719,49
DA:722,20
DA:723,80
DA:727,32
DA:728,16
DA:729,20
DA:730,27
DA:731,22
DA:732,21
DA:733,21
DA:734,20
DA:735,14
DA:736,22
DA:737,19
DA:738,18
DA:739,1
LF:739
LH:668
end_of_record
TN:
SF:src/services/multiChainNetworkService.ts
FNF:52
FNH:52
DA:9,201
DA:48,1
DA:50,27
DA:51,68
DA:54,27
DA:55,93
DA:56,138
DA:57,9
DA:58,92
DA:61,31
DA:62,59
DA:63,64
DA:64,56
DA:65,15
DA:68,33
DA:69,59
DA:70,66
DA:71,15
DA:74,28
DA:75,22
DA:76,123
DA:77,114
DA:78,54
DA:79,72
DA:80,68
DA:81,22
DA:84,112
DA:85,137
DA:86,80
DA:87,108
DA:88,94
DA:89,20
DA:90,17
DA:93,164
DA:96,144
DA:97,75
DA:98,106
DA:99,17
DA:102,127
DA:103,144
DA:104,68
DA:105,17
DA:107,123
DA:108,136
DA:109,68
DA:110,17
DA:113,95
DA:114,170
DA:115,53
DA:116,108
DA:117,86
DA:118,17
DA:119,17
DA:121,91
DA:122,166
DA:123,49
DA:124,100
DA:125,86
DA:126,17
DA:127,13
DA:128,12
DA:129,42
DA:130,110
DA:132,72
DA:133,88
DA:134,74
DA:135,27
DA:139,28
DA:140,22
DA:141,123
DA:142,86
DA:143,102
DA:144,18
DA:145,11
DA:146,21
DA:147,68
DA:151,35
DA:152,22
DA:153,123
DA:154,86
DA:155,112
DA:156,18
DA:157,11
DA:158,21
DA:159,76
DA:163,36
DA:164,22
DA:165,123
DA:166,86
DA:167,116
DA:168,18
DA:169,11
DA:170,21
DA:171,72
DA:176,56
DA:177,103
DA:181,53
DA:182,54
DA:183,88
DA:184,78
DA:185,12
DA:186,119
DA:190,51
DA:191,104
DA:192,73
DA:196,35
DA:197,68
DA:201,53
DA:202,76
DA:203,76
DA:204,130
DA:208,47
DA:209,84
DA:210,41
DA:211,127
DA:212,9
DA:215,145
DA:216,45
DA:217,12
DA:219,50
DA:221,64
DA:222,30
DA:223,9
DA:225,108
DA:226,92
DA:228,74
DA:229,76
DA:231,82
DA:235,46
DA:237,127
DA:238,51
DA:239,12
DA:241,37
DA:242,143
DA:243,9
DA:245,124
DA:246,66
DA:250,49
DA:252,42
DA:253,36
DA:255,157
DA:256,120
DA:257,43
DA:258,62
DA:259,48
DA:260,17
DA:261,5
DA:262,9
DA:264,72
DA:265,66
DA:266,9
DA:269,130
DA:270,49
DA:271,103
DA:272,9
DA:275,76
DA:276,142
DA:279,112
DA:280,58
DA:281,29
DA:282,54
DA:283,5
DA:284,9
DA:286,66
DA:290,29
DA:291,104
DA:292,66
DA:294,44
DA:296,69
DA:298,128
DA:299,27
DA:301,124
DA:304,230
DA:305,78
DA:306,32
DA:307,18
DA:310,51
DA:311,102
DA:312,10
DA:316,37
DA:317,54
DA:318,88
DA:319,78
DA:320,12
DA:322,46
DA:323,36
DA:324,38
DA:325,28
DA:326,34
DA:327,32
DA:328,22
DA:329,12
DA:331,79
DA:332,89
DA:333,12
DA:335,35
DA:339,47
DA:340,80
DA:343,59
DA:344,158
DA:347,49
DA:348,130
DA:352,47
DA:353,75
DA:354,97
DA:355,111
DA:356,7
DA:357,84
DA:358,93
DA:359,59
DA:360,7
DA:361,10
DA:363,28
DA:364,103
DA:365,111
DA:366,16
DA:367,95
DA:368,59
DA:369,10
DA:370,9
DA:373,36
DA:374,104
DA:375,77
DA:377,132
DA:378,46
DA:381,56
DA:382,153
DA:383,104
DA:385,2
LF:385
LH:229
end_of_record
